0 info it worked if it ends with ok
1 verbose cli [ 'C:\\Program Files\\nodejs\\node.exe',
1 verbose cli   'C:\\Users\\Haydar Berkan Yilmaz\\AppData\\Roaming\\npm\\node_modules\\npm\\bin\\npm-cli.js',
1 verbose cli   'start' ]
2 info using npm@4.0.3
3 info using node@v6.9.1
4 verbose run-script [ 'prestart', 'start', 'poststart' ]
5 info lifecycle portfv12angular@0.0.0~prestart: portfv12angular@0.0.0
6 verbose lifecycle portfv12angular@0.0.0~prestart: unsafe-perm in lifecycle true
7 verbose lifecycle portfv12angular@0.0.0~prestart: PATH: C:\Users\Haydar Berkan Yilmaz\AppData\Roaming\npm\node_modules\npm\bin\node-gyp-bin;C:\Users\Haydar Berkan Yilmaz\portfv12ang\node_modules\.bin;C:\Python27\;C:\Python27\Scripts;C:\Windows\system32;C:\Windows;C:\Windows\System32\Wbem;C:\Windows\System32\WindowsPowerShell\v1.0\;C:\Program Files\MongoDB\Server\3.4\bin;C:\Program Files (x86)\Windows Kits\8.1\Windows Performance Toolkit\;C:\Program Files\Git\cmd;C:\Program Files\nodejs\;C:\Program Files\Microsoft SQL Server\110\Tools\Binn\;C:\Program Files (x86)\sbt\bin;C:\Users\Haydar Berkan Yilmaz\AppData\Local\Microsoft\WindowsApps;C:\Users\Haydar Berkan Yilmaz\AppData\Local\.meteor\;C:\Users\Haydar Berkan Yilmaz\AppData\Roaming\npm
8 verbose lifecycle portfv12angular@0.0.0~prestart: CWD: C:\Users\Haydar Berkan Yilmaz\portfv12ang
9 silly lifecycle portfv12angular@0.0.0~prestart: Args: [ '/d /s /c', 'npm install' ]
10 silly lifecycle portfv12angular@0.0.0~prestart: Returned: code: 0  signal: null
11 info lifecycle portfv12angular@0.0.0~start: portfv12angular@0.0.0
12 verbose lifecycle portfv12angular@0.0.0~start: unsafe-perm in lifecycle true
13 verbose lifecycle portfv12angular@0.0.0~start: PATH: C:\Users\Haydar Berkan Yilmaz\AppData\Roaming\npm\node_modules\npm\bin\node-gyp-bin;C:\Users\Haydar Berkan Yilmaz\portfv12ang\node_modules\.bin;C:\Python27\;C:\Python27\Scripts;C:\Windows\system32;C:\Windows;C:\Windows\System32\Wbem;C:\Windows\System32\WindowsPowerShell\v1.0\;C:\Program Files\MongoDB\Server\3.4\bin;C:\Program Files (x86)\Windows Kits\8.1\Windows Performance Toolkit\;C:\Program Files\Git\cmd;C:\Program Files\nodejs\;C:\Program Files\Microsoft SQL Server\110\Tools\Binn\;C:\Program Files (x86)\sbt\bin;C:\Users\Haydar Berkan Yilmaz\AppData\Local\Microsoft\WindowsApps;C:\Users\Haydar Berkan Yilmaz\AppData\Local\.meteor\;C:\Users\Haydar Berkan Yilmaz\AppData\Roaming\npm
14 verbose lifecycle portfv12angular@0.0.0~start: CWD: C:\Users\Haydar Berkan Yilmaz\portfv12ang
15 silly lifecycle portfv12angular@0.0.0~start: Args: [ '/d /s /c', 'http-server -a localhost -p 8000 -c-1 ./app' ]
16 silly lifecycle portfv12angular@0.0.0~start: Returned: code: 3221225786  signal: null
17 info lifecycle portfv12angular@0.0.0~start: Failed to exec start script
18 verbose stack Error: portfv12angular@0.0.0 start: `http-server -a localhost -p 8000 -c-1 ./app`
18 verbose stack Exit status 3221225786
18 verbose stack     at EventEmitter.<anonymous> (C:\Users\Haydar Berkan Yilmaz\AppData\Roaming\npm\node_modules\npm\lib\utils\lifecycle.js:279:16)
18 verbose stack     at emitTwo (events.js:106:13)
18 verbose stack     at EventEmitter.emit (events.js:191:7)
18 verbose stack     at ChildProcess.<anonymous> (C:\Users\Haydar Berkan Yilmaz\AppData\Roaming\npm\node_modules\npm\lib\utils\spawn.js:40:14)
18 verbose stack     at emitTwo (events.js:106:13)
18 verbose stack     at ChildProcess.emit (events.js:191:7)
18 verbose stack     at maybeClose (internal/child_process.js:877:16)
18 verbose stack     at Process.ChildProcess._handle.onexit (internal/child_process.js:226:5)
19 verbose pkgid portfv12angular@0.0.0
20 verbose cwd C:\Users\Haydar Berkan Yilmaz\portfv12ang\app
21 error Windows_NT 10.0.14393
22 error argv "C:\\Program Files\\nodejs\\node.exe" "C:\\Users\\Haydar Berkan Yilmaz\\AppData\\Roaming\\npm\\node_modules\\npm\\bin\\npm-cli.js" "start"
23 error node v6.9.1
24 error npm  v4.0.3
25 error code ELIFECYCLE
26 error portfv12angular@0.0.0 start: `http-server -a localhost -p 8000 -c-1 ./app`
26 error Exit status 3221225786
27 error Failed at the portfv12angular@0.0.0 start script 'http-server -a localhost -p 8000 -c-1 ./app'.
27 error Make sure you have the latest version of node.js and npm installed.
27 error If you do, this is most likely a problem with the portfv12angular package,
27 error not with npm itself.
27 error Tell the author that this fails on your system:
27 error     http-server -a localhost -p 8000 -c-1 ./app
27 error You can get information on how to open an issue for this project with:
27 error     npm bugs portfv12angular
27 error Or if that isn't available, you can get their info via:
27 error     npm owner ls portfv12angular
27 error There is likely additional logging output above.
28 verbose exit [ 1, true ]
